This is pdfTeX, Version 3.14159265-2.6-1.40.15 (TeX Live 2014) (preloaded format=pdflatex 2014.5.25)  1 APR 2015 21:30
entering extended mode
 restricted \write18 enabled.
 %&-line parsing enabled.
**mrm.tex
(./mrm.tex
LaTeX2e <2014/05/01>
Babel <3.9k> and hyphenation patterns for 78 languages loaded.
(./sigplanconf.cls
Document Class: sigplanconf 2013/07/02 v2.8 ACM SIGPLAN Proceedings
\@numheaddepth=\count79
(/usr/local/texlive/2014/texmf-dist/tex/latex/base/article.cls
Document Class: article 2007/10/19 v1.4h Standard LaTeX document class
(/usr/local/texlive/2014/texmf-dist/tex/latex/base/size10.clo
File: size10.clo 2007/10/19 v1.4h Standard LaTeX file (size option)
)
\c@part=\count80
\c@section=\count81
\c@subsection=\count82
\c@subsubsection=\count83
\c@paragraph=\count84
\c@subparagraph=\count85
\c@figure=\count86
\c@table=\count87
\abovecaptionskip=\skip41
\belowcaptionskip=\skip42
\bibindent=\dimen102
)
\standardtextwidth=\dimen103
\standardvspace=\skip43

Using natbib package with 'numbers' citation style.
(/usr/local/texlive/2014/texmf-dist/tex/latex/natbib/natbib.sty
Package: natbib 2010/09/13 8.31b (PWD, AO)
\bibhang=\skip44
\bibsep=\skip45
LaTeX Info: Redefining \cite on input line 694.
\c@NAT@ctr=\count88
)
\@sectionaboveskip=\skip46
\@sectionbelowskip=\skip47
\@subsectionaboveskip=\skip48
\@subsectionbelowskip=\skip49
\@paragraphaboveskip=\skip50
\@authorcount=\count89
\@titlenotecount=\count90
\@titlenotetext=\toks14
\@fnmark=\toks15
\@authori=\count91
\@measbox=\box26
)
(/usr/local/texlive/2014/texmf-dist/tex/latex/xcolor/xcolor.sty
Package: xcolor 2007/01/21 v2.11 LaTeX color extensions (UK)

(/usr/local/texlive/2014/texmf-dist/tex/latex/latexconfig/color.cfg
File: color.cfg 2007/01/18 v1.5 color configuration of teTeX/TeXLive
)
Package xcolor Info: Driver file: pdftex.def on input line 225.

(/usr/local/texlive/2014/texmf-dist/tex/latex/pdftex-def/pdftex.def
File: pdftex.def 2011/05/27 v0.06d Graphics/color for pdfTeX

(/usr/local/texlive/2014/texmf-dist/tex/generic/oberdiek/infwarerr.sty
Package: infwarerr 2010/04/08 v1.3 Providing info/warning/error messages (HO)
)
(/usr/local/texlive/2014/texmf-dist/tex/generic/oberdiek/ltxcmds.sty
Package: ltxcmds 2011/11/09 v1.22 LaTeX kernel commands for general use (HO)
)
\Gread@gobject=\count92
)
Package xcolor Info: Model `cmy' substituted by `cmy0' on input line 1337.
Package xcolor Info: Model `hsb' substituted by `rgb' on input line 1341.
Package xcolor Info: Model `RGB' extended on input line 1353.
Package xcolor Info: Model `HTML' substituted by `rgb' on input line 1355.
Package xcolor Info: Model `Hsb' substituted by `hsb' on input line 1356.
Package xcolor Info: Model `tHsb' substituted by `hsb' on input line 1357.
Package xcolor Info: Model `HSB' substituted by `hsb' on input line 1358.
Package xcolor Info: Model `Gray' substituted by `gray' on input line 1359.
Package xcolor Info: Model `wave' substituted by `hsb' on input line 1360.
)
(/usr/local/texlive/2014/texmf-dist/tex/latex/tools/xspace.sty
Package: xspace 2009/10/20 v1.13 Space after command names (DPC,MH)
)
(/usr/local/texlive/2014/texmf-dist/tex/latex/amsmath/amsmath.sty
Package: amsmath 2013/01/14 v2.14 AMS math features
\@mathmargin=\skip51

For additional information on amsmath, use the `?' option.
(/usr/local/texlive/2014/texmf-dist/tex/latex/amsmath/amstext.sty
Package: amstext 2000/06/29 v2.01

(/usr/local/texlive/2014/texmf-dist/tex/latex/amsmath/amsgen.sty
File: amsgen.sty 1999/11/30 v2.0
\@emptytoks=\toks16
\ex@=\dimen104
))
(/usr/local/texlive/2014/texmf-dist/tex/latex/amsmath/amsbsy.sty
Package: amsbsy 1999/11/29 v1.2d
\pmbraise@=\dimen105
)
(/usr/local/texlive/2014/texmf-dist/tex/latex/amsmath/amsopn.sty
Package: amsopn 1999/12/14 v2.01 operator names
)
\inf@bad=\count93
LaTeX Info: Redefining \frac on input line 210.
\uproot@=\count94
\leftroot@=\count95
LaTeX Info: Redefining \overline on input line 306.
\classnum@=\count96
\DOTSCASE@=\count97
LaTeX Info: Redefining \ldots on input line 378.
LaTeX Info: Redefining \dots on input line 381.
LaTeX Info: Redefining \cdots on input line 466.
\Mathstrutbox@=\box27
\strutbox@=\box28
\big@size=\dimen106
LaTeX Font Info:    Redeclaring font encoding OML on input line 566.
LaTeX Font Info:    Redeclaring font encoding OMS on input line 567.
\macc@depth=\count98
\c@MaxMatrixCols=\count99
\dotsspace@=\muskip10
\c@parentequation=\count100
\dspbrk@lvl=\count101
\tag@help=\toks17
\row@=\count102
\column@=\count103
\maxfields@=\count104
\andhelp@=\toks18
\eqnshift@=\dimen107
\alignsep@=\dimen108
\tagshift@=\dimen109
\tagwidth@=\dimen110
\totwidth@=\dimen111
\lineht@=\dimen112
\@envbody=\toks19
\multlinegap=\skip52
\multlinetaggap=\skip53
\mathdisplay@stack=\toks20
LaTeX Info: Redefining \[ on input line 2665.
LaTeX Info: Redefining \] on input line 2666.
)
(/usr/local/texlive/2014/texmf-dist/tex/latex/amscls/amsthm.sty
Package: amsthm 2004/08/06 v2.20
\thm@style=\toks21
\thm@bodyfont=\toks22
\thm@headfont=\toks23
\thm@notefont=\toks24
\thm@headpunct=\toks25
\thm@preskip=\skip54
\thm@postskip=\skip55
\thm@headsep=\skip56
\dth@everypar=\toks26
)
(./doubleequals.sty
(/usr/local/texlive/2014/texmf-dist/tex/latex/graphics/graphicx.sty
Package: graphicx 2014/04/25 v1.0g Enhanced LaTeX Graphics (DPC,SPQR)

(/usr/local/texlive/2014/texmf-dist/tex/latex/graphics/keyval.sty
Package: keyval 2014/05/08 v1.15 key=value parser (DPC)
\KV@toks@=\toks27
)
(/usr/local/texlive/2014/texmf-dist/tex/latex/graphics/graphics.sty
Package: graphics 2009/02/05 v1.0o Standard LaTeX Graphics (DPC,SPQR)

(/usr/local/texlive/2014/texmf-dist/tex/latex/graphics/trig.sty
Package: trig 1999/03/16 v1.09 sin cos tan (DPC)
)
(/usr/local/texlive/2014/texmf-dist/tex/latex/latexconfig/graphics.cfg
File: graphics.cfg 2010/04/23 v1.9 graphics configuration of TeX Live
)
Package graphics Info: Driver file: pdftex.def on input line 91.
)
\Gin@req@height=\dimen113
\Gin@req@width=\dimen114
))
(/usr/local/texlive/2014/texmf-dist/tex/latex/comment/comment.sty
\CommentStream=\write3

Excluding comment 'comment')
(/usr/local/texlive/2014/texmf-dist/tex/latex/url/url.sty
\Urlmuskip=\muskip11
Package: url 2013/09/16  ver 3.4  Verb mode for urls, etc.
) (./Preamble.tex
(/usr/local/texlive/2014/texmf-dist/tex/latex/amsfonts/amssymb.sty
Package: amssymb 2013/01/14 v3.01 AMS font symbols

(/usr/local/texlive/2014/texmf-dist/tex/latex/amsfonts/amsfonts.sty
Package: amsfonts 2013/01/14 v3.01 Basic AMSFonts support
\symAMSa=\mathgroup4
\symAMSb=\mathgroup5
LaTeX Font Info:    Overwriting math alphabet `\mathfrak' in version `bold'
(Font)                  U/euf/m/n --> U/euf/b/n on input line 106.
))
(/usr/local/texlive/2014/texmf-dist/tex/latex/stmaryrd/stmaryrd.sty
Package: stmaryrd 1994/03/03 St Mary's Road symbol package
\symstmry=\mathgroup6
LaTeX Font Info:    Overwriting symbol font `stmry' in version `bold'
(Font)                  U/stmry/m/n --> U/stmry/b/n on input line 89.
)
(/usr/local/texlive/2014/texmf-dist/tex/latex/polytable/polytable.sty
Package: polytable 2013/07/18 v0.8.5 `polytable' package (Andres Loeh)

(/usr/local/texlive/2014/texmf-dist/tex/latex/lazylist/lazylist.sty)
(/usr/local/texlive/2014/texmf-dist/tex/latex/tools/array.sty
Package: array 2008/09/09 v2.4c Tabular extension package (FMi)
\col@sep=\dimen115
\extrarowheight=\dimen116
\NC@list=\toks28
\extratabsurround=\skip57
\backup@length=\skip58
)
\PT@colwidth=\dimen117
\PT@cols=\count105
\PT@table=\count106
\PT@toks=\toks29
\PT@in=\read1
\PT@out=\write4
)
\mathindent=\dimen118
\blanklineskip=\skip59

(/usr/local/texlive/2014/texmf-dist/tex/latex/tools/calc.sty
Package: calc 2007/08/22 v4.3 Infix arithmetic (KKT,FJ)
\calc@Acount=\count107
\calc@Bcount=\count108
\calc@Adimen=\dimen119
\calc@Bdimen=\dimen120
\calc@Askip=\skip60
\calc@Bskip=\skip61
LaTeX Info: Redefining \setlength on input line 75.
LaTeX Info: Redefining \addtolength on input line 76.
\calc@Ccount=\count109
\calc@Cskip=\skip62
))
\c@theorem=\count110
 (./mrm.aux)
\openout1 = `mrm.aux'.

LaTeX Font Info:    Checking defaults for OML/cmm/m/it on input line 56.
LaTeX Font Info:    ... okay on input line 56.
LaTeX Font Info:    Checking defaults for T1/cmr/m/n on input line 56.
LaTeX Font Info:    ... okay on input line 56.
LaTeX Font Info:    Checking defaults for OT1/cmr/m/n on input line 56.
LaTeX Font Info:    ... okay on input line 56.
LaTeX Font Info:    Checking defaults for OMS/cmsy/m/n on input line 56.
LaTeX Font Info:    ... okay on input line 56.
LaTeX Font Info:    Checking defaults for OMX/cmex/m/n on input line 56.
LaTeX Font Info:    ... okay on input line 56.
LaTeX Font Info:    Checking defaults for U/cmr/m/n on input line 56.
LaTeX Font Info:    ... okay on input line 56.
LaTeX Font Info:    Try loading font information for OT1+ptm on input line 56.

(/usr/local/texlive/2014/texmf-dist/tex/latex/psnfss/ot1ptm.fd
File: ot1ptm.fd 2001/06/04 font definitions for OT1/ptm.
)
(/usr/local/texlive/2014/texmf-dist/tex/context/base/supp-pdf.mkii
[Loading MPS to PDF converter (version 2006.09.02).]
\scratchcounter=\count111
\scratchdimen=\dimen121
\scratchbox=\box29
\nofMPsegments=\count112
\nofMParguments=\count113
\everyMPshowfont=\toks30
\MPscratchCnt=\count114
\MPscratchDim=\dimen122
\MPnumerator=\count115
\makeMPintoPDFobject=\count116
\everyMPtoPDFconversion=\toks31
) (/usr/local/texlive/2014/texmf-dist/tex/generic/oberdiek/pdftexcmds.sty
Package: pdftexcmds 2011/11/29 v0.20 Utility functions of pdfTeX for LuaTeX (HO
)

(/usr/local/texlive/2014/texmf-dist/tex/generic/oberdiek/ifluatex.sty
Package: ifluatex 2010/03/01 v1.3 Provides the ifluatex switch (HO)
Package ifluatex Info: LuaTeX not detected.
)
(/usr/local/texlive/2014/texmf-dist/tex/generic/oberdiek/ifpdf.sty
Package: ifpdf 2011/01/30 v2.3 Provides the ifpdf switch (HO)
Package ifpdf Info: pdfTeX in PDF mode is detected.
)
Package pdftexcmds Info: LuaTeX not detected.
Package pdftexcmds Info: \pdf@primitive is available.
Package pdftexcmds Info: \pdf@ifprimitive is available.
Package pdftexcmds Info: \pdfdraftmode found.
)
(/usr/local/texlive/2014/texmf-dist/tex/latex/oberdiek/epstopdf-base.sty
Package: epstopdf-base 2010/02/09 v2.5 Base part for package epstopdf

(/usr/local/texlive/2014/texmf-dist/tex/latex/oberdiek/grfext.sty
Package: grfext 2010/08/19 v1.1 Manage graphics extensions (HO)

(/usr/local/texlive/2014/texmf-dist/tex/generic/oberdiek/kvdefinekeys.sty
Package: kvdefinekeys 2011/04/07 v1.3 Define keys (HO)
))
(/usr/local/texlive/2014/texmf-dist/tex/latex/oberdiek/kvoptions.sty
Package: kvoptions 2011/06/30 v3.11 Key value format for package options (HO)

(/usr/local/texlive/2014/texmf-dist/tex/generic/oberdiek/kvsetkeys.sty
Package: kvsetkeys 2012/04/25 v1.16 Key value parser (HO)

(/usr/local/texlive/2014/texmf-dist/tex/generic/oberdiek/etexcmds.sty
Package: etexcmds 2011/02/16 v1.5 Avoid name clashes with e-TeX commands (HO)
Package etexcmds Info: Could not find \expanded.
(etexcmds)             That can mean that you are not using pdfTeX 1.50 or
(etexcmds)             that some package has redefined \expanded.
(etexcmds)             In the latter case, load this package earlier.
)))
Package grfext Info: Graphics extension search list:
(grfext)             [.png,.pdf,.jpg,.mps,.jpeg,.jbig2,.jb2,.PNG,.PDF,.JPG,.JPE
G,.JBIG2,.JB2,.eps]
(grfext)             \AppendGraphicsExtensions on input line 452.

(/usr/local/texlive/2014/texmf-dist/tex/latex/latexconfig/epstopdf-sys.cfg
File: epstopdf-sys.cfg 2010/07/13 v1.3 Configuration of (r)epstopdf for TeX Liv
e
))
LaTeX Font Info:    Font shape `OT1/ptm/bx/n' in size <18> not available
(Font)              Font shape `OT1/ptm/b/n' tried instead on input line 92.
LaTeX Font Info:    Font shape `OT1/ptm/bx/n' in size <11> not available
(Font)              Font shape `OT1/ptm/b/n' tried instead on input line 94.

(./sections/Introduction.tex
LaTeX Font Info:    Font shape `OT1/ptm/bx/n' in size <9> not available
(Font)              Font shape `OT1/ptm/b/n' tried instead on input line 344.


Package natbib Warning: Citation `Gibbons:14:Folding' on page 1 undefined on in
put line 345.

) (./sections/Overview.tex
LaTeX Font Info:    Try loading font information for U+msa on input line 340.

(/usr/local/texlive/2014/texmf-dist/tex/latex/amsfonts/umsa.fd
File: umsa.fd 2013/01/14 v3.01 AMS symbols A
)
LaTeX Font Info:    Try loading font information for U+msb on input line 340.

(/usr/local/texlive/2014/texmf-dist/tex/latex/amsfonts/umsb.fd
File: umsb.fd 2013/01/14 v3.01 AMS symbols B
)
LaTeX Font Info:    Try loading font information for U+stmry on input line 340.


(/usr/local/texlive/2014/texmf-dist/tex/latex/stmaryrd/Ustmry.fd)
\openout4 = `mrm.ptb'.

\openout4 = `mrm.ptb'.

\openout4 = `mrm.ptb'.

\openout4 = `mrm.ptb'.

\openout4 = `mrm.ptb'.

\openout4 = `mrm.ptb'.

\openout4 = `mrm.ptb'.

\openout4 = `mrm.ptb'.

\openout4 = `mrm.ptb'.

\openout4 = `mrm.ptb'.

\openout4 = `mrm.ptb'.

\openout4 = `mrm.ptb'.

\openout4 = `mrm.ptb'.

\openout4 = `mrm.ptb'.


Overfull \hbox (22.17255pt too wide) in paragraph at lines 507--528
 $[][][][][][][][][][][][][][][][][][][][][][][][][][][][][][][][][][] 
 []


Overfull \hbox (22.17255pt too wide) in paragraph at lines 507--528
 [][][][][][][] 
 []


Overfull \hbox (22.17255pt too wide) in paragraph at lines 507--528
 [][][][][][][] 
 []


Overfull \hbox (22.17255pt too wide) in paragraph at lines 507--528
 [][][][][][][] 
 []


Overfull \hbox (22.17255pt too wide) in paragraph at lines 507--528
 [][][][][][][] 
 []


Overfull \hbox (22.17255pt too wide) in paragraph at lines 507--528
 [][][]$ 
 []

\openout4 = `mrm.ptb'.

\openout4 = `mrm.ptb'.

\openout4 = `mrm.ptb'.

\openout4 = `mrm.ptb'.


Overfull \hbox (32.08551pt too wide) in paragraph at lines 556--575
 $[][][][][][][][][][][][][][][][][][][][][][][][][] 
 []


Overfull \hbox (32.08551pt too wide) in paragraph at lines 556--575
 [][][][][][][] 
 []


Overfull \hbox (32.08551pt too wide) in paragraph at lines 556--575
 [][][][][][][] 
 []


Overfull \hbox (32.08551pt too wide) in paragraph at lines 556--575
 [][][][][][][] 
 []


Overfull \hbox (32.08551pt too wide) in paragraph at lines 556--575
 [][][]$ 
 []

\openout4 = `mrm.ptb'.

\openout4 = `mrm.ptb'.

) (./sections/ComposableAlg.tex
\openout4 = `mrm.ptb'.

\openout4 = `mrm.ptb'.

 [1{/usr/local/texlive/2014/texmf-var/fonts/map/pdftex/updmap/pdftex.map}


Non-PDF special ignored!

]
\openout4 = `mrm.ptb'.


Overfull \hbox (8.54398pt too wide) in paragraph at lines 373--394
 $[][][][][][][][][][][][][][][][][][][][][][][][] 
 []


Overfull \hbox (8.54398pt too wide) in paragraph at lines 373--394
 [][][][][][][] 
 []


Overfull \hbox (8.54398pt too wide) in paragraph at lines 373--394
 [][][][][][][] 
 []


Overfull \hbox (8.54398pt too wide) in paragraph at lines 373--394
 [][][][][][][] 
 []


Overfull \hbox (8.54398pt too wide) in paragraph at lines 373--394
 [][][][][][][] 
 []


Overfull \hbox (8.54398pt too wide) in paragraph at lines 373--394
 [][][]$ 
 []

\openout4 = `mrm.ptb'.

\openout4 = `mrm.ptb'.


Overfull \hbox (35.20004pt too wide) in paragraph at lines 402--433
 $[][][][][][][][][][][][][][][][][][][][][][][][][][][][][][][][][][][][] 
 []


Overfull \hbox (35.20004pt too wide) in paragraph at lines 402--433
 [][][][][][][] 
 []


Overfull \hbox (35.20004pt too wide) in paragraph at lines 402--433
 [][][][][][][] 
 []


Overfull \hbox (35.20004pt too wide) in paragraph at lines 402--433
 [][][][][][][] 
 []


Overfull \hbox (35.20004pt too wide) in paragraph at lines 402--433
 [][][][][][][] 
 []


Overfull \hbox (35.20004pt too wide) in paragraph at lines 402--433
 [][][][][][][] 
 []


Overfull \hbox (35.20004pt too wide) in paragraph at lines 402--433
 [][][][][][][] 
 []


Overfull \hbox (35.20004pt too wide) in paragraph at lines 402--433
 [][][][] 
 []


Overfull \hbox (35.20004pt too wide) in paragraph at lines 402--433
 [][][][][][]$ 
 []

\openout4 = `mrm.ptb'.

\openout4 = `mrm.ptb'.

\openout4 = `mrm.ptb'.

\openout4 = `mrm.ptb'.

\openout4 = `mrm.ptb'.

\openout4 = `mrm.ptb'.

\openout4 = `mrm.ptb'.

\openout4 = `mrm.ptb'.

\openout4 = `mrm.ptb'.

) (./sections/DependentAlg.tex
\openout4 = `mrm.ptb'.

\openout4 = `mrm.ptb'.

\openout4 = `mrm.ptb'.

\openout4 = `mrm.ptb'.


Overfull \hbox (41.98886pt too wide) in paragraph at lines 376--404
 $[][][][][][][][][][][][][][][][][][][][][][][][][][][][][][][][][][][][][][][
][][][][][][][] 
 []


Overfull \hbox (41.98886pt too wide) in paragraph at lines 376--404
 [][][][][][][] 
 []


Overfull \hbox (41.98886pt too wide) in paragraph at lines 376--404
 [][][][][][][] 
 []


Overfull \hbox (41.98886pt too wide) in paragraph at lines 376--404
 [][][][][][][] 
 []


Overfull \hbox (41.98886pt too wide) in paragraph at lines 376--404
 [][][][][][][] 
 []


Overfull \hbox (41.98886pt too wide) in paragraph at lines 376--404
 [][][][][][][] 
 []


Overfull \hbox (41.98886pt too wide) in paragraph at lines 376--404
 [][][][] 
 []


Overfull \hbox (41.98886pt too wide) in paragraph at lines 376--404
 [][][][][][]$ 
 []

\openout4 = `mrm.ptb'.


Overfull \hbox (32.20709pt too wide) in paragraph at lines 405--439
 $[][][][][][][][][][][][][][][][][][][][][][][][][][][][][][][][][][][][][][][
][][][][][][][][][][][][][][][][][][][] 
 []


Overfull \hbox (32.20709pt too wide) in paragraph at lines 405--439
 [][][][][][][] 
 []


Overfull \hbox (32.20709pt too wide) in paragraph at lines 405--439
 [][][][][][][] 
 []


Overfull \hbox (32.20709pt too wide) in paragraph at lines 405--439
 [][][][][][][] 
 []


Overfull \hbox (32.20709pt too wide) in paragraph at lines 405--439
 [][][][][][][] 
 []


Overfull \hbox (32.20709pt too wide) in paragraph at lines 405--439
 [][][][][][][] 
 []


Overfull \hbox (32.20709pt too wide) in paragraph at lines 405--439
 [][][][][][][] 
 []


Overfull \hbox (32.20709pt too wide) in paragraph at lines 405--439
 [][][][][][][] 
 []


Overfull \hbox (32.20709pt too wide) in paragraph at lines 405--439
 [][][][] 
 []


Overfull \hbox (32.20709pt too wide) in paragraph at lines 405--439
 [][][][][][]$ 
 []

\openout4 = `mrm.ptb'.

\openout4 = `mrm.ptb'.

\openout4 = `mrm.ptb'.

) (./sections/Extensibility.tex) (./sections/TypeClassAlg.tex
\openout4 = `mrm.ptb'.

\openout4 = `mrm.ptb'.

\openout4 = `mrm.ptb'.

\openout4 = `mrm.ptb'.


Overfull \hbox (11.78014pt too wide) in paragraph at lines 412--453
 $[][][][][][][][][][][][][][][][][][][][][][][][][][][][][][][][][][][][][][][
][][][][][][][][][][][][][][][][][][][][][][][][][][][][][][][] 
 []


Overfull \hbox (11.78014pt too wide) in paragraph at lines 412--453
 [][][][][][][] 
 []


Overfull \hbox (11.78014pt too wide) in paragraph at lines 412--453
 [][][][][][][] 
 []


Overfull \hbox (11.78014pt too wide) in paragraph at lines 412--453
 [][][][][][][] 
 []


Overfull \hbox (11.78014pt too wide) in paragraph at lines 412--453
 [][][][][][][][][][] 
 []


Overfull \hbox (11.78014pt too wide) in paragraph at lines 412--453
 [][][][][][][][][][] 
 []


Overfull \hbox (11.78014pt too wide) in paragraph at lines 412--453
 [][][][][][][] 
 []


Overfull \hbox (11.78014pt too wide) in paragraph at lines 412--453
 [][][][][][][][][][] 
 []


Overfull \hbox (11.78014pt too wide) in paragraph at lines 412--453
 [][][][][][][] 
 []


Overfull \hbox (11.78014pt too wide) in paragraph at lines 412--453
 [][][][][][]$ 
 []

[2]
\openout4 = `mrm.ptb'.


Overfull \hbox (2.09967pt too wide) in paragraph at lines 454--506
 $[][][][][][][][][][][][][][][][][][][][][][][][][][][][][][][][][][][][][][][
][][][][][][][][][][][][][][][][][][][][][][][] 
 []


Overfull \hbox (2.09967pt too wide) in paragraph at lines 454--506
 [][][][][][][] 
 []


Overfull \hbox (2.09967pt too wide) in paragraph at lines 454--506
 [][][][][][][] 
 []


Overfull \hbox (2.09967pt too wide) in paragraph at lines 454--506
 [][][][][][][] 
 []


Overfull \hbox (2.09967pt too wide) in paragraph at lines 454--506
 [][][][][][][] 
 []


Overfull \hbox (2.09967pt too wide) in paragraph at lines 454--506
 [][][][][][][][][][] 
 []


Overfull \hbox (2.09967pt too wide) in paragraph at lines 454--506
 [][][][][][][] 
 []


Overfull \hbox (2.09967pt too wide) in paragraph at lines 454--506
 [][][][][][][][][][] 
 []


Overfull \hbox (2.09967pt too wide) in paragraph at lines 454--506
 [][][][][][][][][][][][][][][][] 
 []


Overfull \hbox (2.09967pt too wide) in paragraph at lines 454--506
 [][][][][][][][][][][][][][][][] 
 []


Overfull \hbox (2.09967pt too wide) in paragraph at lines 454--506
 [][][][][][]$ 
 []

\openout4 = `mrm.ptb'.

\openout4 = `mrm.ptb'.


Overfull \hbox (58.69351pt too wide) in paragraph at lines 514--538
 $[][][][][][][][][][][][][][][][][][][][][][][][][][][][][][][][][][][][][][][
][][][][][][][][][][] 
 []


Overfull \hbox (58.69351pt too wide) in paragraph at lines 514--538
 [][][][][][][] 
 []


Overfull \hbox (58.69351pt too wide) in paragraph at lines 514--538
 [][][][][][][][][][] 
 []


Overfull \hbox (58.69351pt too wide) in paragraph at lines 514--538
 [][][][][][][][][][] 
 []


Overfull \hbox (58.69351pt too wide) in paragraph at lines 514--538
 [][][][][][]$ 
 []

\openout4 = `mrm.ptb'.

\openout4 = `mrm.ptb'.

\openout4 = `mrm.ptb'.

) (./sections/RecordAlg.tex) (./sections/RelatedWork.tex)
(./sections/Conclusion.tex) Excluding 'comment' comment.
No file mrm.bbl.

Package natbib Warning: There were undefined citations.

[3

] (./mrm.aux) ) 
Here is how much of TeX's memory you used:
 4413 strings out of 493117
 56713 string characters out of 6135433
 169163 words of memory out of 5000000
 7749 multiletter control sequences out of 15000+600000
 18896 words of font info for 50 fonts, out of 8000000 for 9000
 1141 hyphenation exceptions out of 8191
 37i,7n,55p,245b,338s stack positions out of 5000i,500n,10000p,200000b,80000s
{/usr/local/texlive/2014/texmf-dist/fonts/enc/dvips/base/8r.enc}
</usr/local/texlive/2014/texmf-dist/fonts/type1/public/amsfonts/cm/cmbx9.pfb></
usr/local/texlive/2014/texmf-dist/fonts/type1/public/amsfonts/cm/cmmi9.pfb></us
r/local/texlive/2014/texmf-dist/fonts/type1/public/amsfonts/cm/cmr9.pfb></usr/l
ocal/texlive/2014/texmf-dist/fonts/type1/public/amsfonts/cm/cmss9.pfb></usr/loc
al/texlive/2014/texmf-dist/fonts/type1/public/amsfonts/cm/cmsy9.pfb></usr/local
/texlive/2014/texmf-dist/fonts/type1/urw/times/utmb8a.pfb></usr/local/texlive/2
014/texmf-dist/fonts/type1/urw/times/utmr8a.pfb>
Output written on mrm.pdf (3 pages, 86212 bytes).
PDF statistics:
 43 PDF objects out of 1000 (max. 8388607)
 30 compressed objects within 1 object stream
 0 named destinations out of 1000 (max. 500000)
 1 words of extra memory for PDF output out of 10000 (max. 10000000)

